0 info it worked if it ends with ok
1 verbose cli [ 'C:\\Program Files\\nodejs\\node.exe',
1 verbose cli   'C:\\Program Files\\nodejs\\node_modules\\npm\\bin\\npm-cli.js',
1 verbose cli   'install',
1 verbose cli   'C:\\Users\\wayne\\Downloads\\numpy-1.11.3+mkl-cp35-cp35m-win_amd64.whl' ]
2 info using npm@3.10.10
3 info using node@v6.9.4
4 silly loadCurrentTree Starting
5 silly install loadCurrentTree
6 silly install readLocalPackageData
7 silly fetchPackageMetaData C:\Users\wayne\Downloads\numpy-1.11.3+mkl-cp35-cp35m-win_amd64.whl
8 silly fetchOtherPackageData C:\Users\wayne\Downloads\numpy-1.11.3+mkl-cp35-cp35m-win_amd64.whl
9 silly cache add args [ 'C:\\Users\\wayne\\Downloads\\numpy-1.11.3+mkl-cp35-cp35m-win_amd64.whl',
9 silly cache add   null ]
10 verbose cache add spec C:\Users\wayne\Downloads\numpy-1.11.3+mkl-cp35-cp35m-win_amd64.whl
11 silly cache add parsed spec Result {
11 silly cache add   raw: 'C:\\Users\\wayne\\Downloads\\numpy-1.11.3+mkl-cp35-cp35m-win_amd64.whl',
11 silly cache add   scope: null,
11 silly cache add   escapedName: null,
11 silly cache add   name: null,
11 silly cache add   rawSpec: 'C:\\Users\\wayne\\Downloads\\numpy-1.11.3+mkl-cp35-cp35m-win_amd64.whl',
11 silly cache add   spec: 'C:\\Users\\wayne\\Downloads\\numpy-1.11.3+mkl-cp35-cp35m-win_amd64.whl',
11 silly cache add   type: 'local' }
12 silly addLocalTarball shasum (computed) 72fc2fd8eaa6acf01e913147fab2666bf7b9b7f8
13 verbose addTmpTarball C:\Users\wayne\Downloads\numpy-1.11.3+mkl-cp35-cp35m-win_amd64.whl not in flight; adding
14 verbose correctMkdir C:\Users\wayne\AppData\Roaming\npm-cache correctMkdir not in flight; initializing
15 verbose addTmpTarball validating metadata from C:\Users\wayne\Downloads\numpy-1.11.3+mkl-cp35-cp35m-win_amd64.whl
16 verbose tar unpack C:\Users\wayne\Downloads\numpy-1.11.3+mkl-cp35-cp35m-win_amd64.whl
17 verbose tar unpacking to C:\Users\wayne\AppData\Local\Temp\npm-2572-0ce98049\unpack-cdd52f0d
18 silly gentlyRm C:\Users\wayne\AppData\Local\Temp\npm-2572-0ce98049\unpack-cdd52f0d is being purged
19 verbose gentlyRm don't care about contents; nuking C:\Users\wayne\AppData\Local\Temp\npm-2572-0ce98049\unpack-cdd52f0d
20 silly gunzTarPerm modes [ '777', '666' ]
21 error not a package C:\Users\wayne\Downloads\numpy-1.11.3+mkl-cp35-cp35m-win_amd64.whl
22 error addLocal Could not install C:\Users\wayne\Downloads\numpy-1.11.3+mkl-cp35-cp35m-win_amd64.whl
23 silly fetchPackageMetaData Error: ENOENT: no such file or directory, open 'C:\Users\wayne\AppData\Local\Temp\npm-2572-0ce98049\unpack-cdd52f0d\package.json'
23 silly fetchPackageMetaData     at Error (native)
23 silly fetchPackageMetaData  error for C:\Users\wayne\Downloads\numpy-1.11.3+mkl-cp35-cp35m-win_amd64.whl { Error: ENOENT: no such file or directory, open 'C:\Users\wayne\AppData\Local\Temp\npm-2572-0ce98049\unpack-cdd52f0d\package.json'
23 silly fetchPackageMetaData     at Error (native)
23 silly fetchPackageMetaData   errno: -4058,
23 silly fetchPackageMetaData   code: 'ENOENT',
23 silly fetchPackageMetaData   syscall: 'open',
23 silly fetchPackageMetaData   path: 'C:\\Users\\wayne\\AppData\\Local\\Temp\\npm-2572-0ce98049\\unpack-cdd52f0d\\package.json' }
24 silly rollbackFailedOptional Starting
25 silly rollbackFailedOptional Finishing
26 silly runTopLevelLifecycles Finishing
27 silly install printInstalled
28 verbose stack Error: ENOENT: no such file or directory, open 'C:\Users\wayne\AppData\Local\Temp\npm-2572-0ce98049\unpack-cdd52f0d\package.json'
28 verbose stack     at Error (native)
29 verbose cwd C:\Users\wayne\Desktop\ml_hw1
30 error Windows_NT 10.0.14393
31 error argv "C:\\Program Files\\nodejs\\node.exe" "C:\\Program Files\\nodejs\\node_modules\\npm\\bin\\npm-cli.js" "install" "C:\\Users\\wayne\\Downloads\\numpy-1.11.3+mkl-cp35-cp35m-win_amd64.whl"
32 error node v6.9.4
33 error npm  v3.10.10
34 error path C:\Users\wayne\AppData\Local\Temp\npm-2572-0ce98049\unpack-cdd52f0d\package.json
35 error code ENOENT
36 error errno -4058
37 error syscall open
38 error enoent ENOENT: no such file or directory, open 'C:\Users\wayne\AppData\Local\Temp\npm-2572-0ce98049\unpack-cdd52f0d\package.json'
39 error enoent ENOENT: no such file or directory, open 'C:\Users\wayne\AppData\Local\Temp\npm-2572-0ce98049\unpack-cdd52f0d\package.json'
39 error enoent This is most likely not a problem with npm itself
39 error enoent and is related to npm not being able to find a file.
40 verbose exit [ -4058, true ]
